<?xml version='1.0' encoding='UTF-8'?>
<testsuites name='TestTarget.xctest' tests='0' failures='0'>
</testsuites>
